#
# There is insufficient memory for the Java Runtime Environment to continue.
# Native memory allocation (malloc) failed to allocate 1266400 bytes for Chunk::new
# Possible reasons:
#   The system is out of physical RAM or swap space
#   In 32 bit mode, the process size limit was hit
# Possible solutions:
#   Reduce memory load on the system
#   Increase physical memory or swap space
#   Check if swap backing store is full
#   Use 64 bit Java on a 64 bit OS
#   Decrease Java heap size (-Xmx/-Xms)
#   Decrease number of Java threads
#   Decrease Java thread stack sizes (-Xss)
#   Set larger code cache with -XX:ReservedCodeCacheSize=
# This output file may be truncated or incomplete.
#
#  Out of Memory Error (allocation.cpp:390), pid=19972, tid=0x0000000000003254
#
# JRE version: Java(TM) SE Runtime Environment (8.0_144-b01) (build 1.8.0_144-b01)
# Java VM: Java HotSpot(TM) 64-Bit Server VM (25.144-b01 mixed mode windows-amd64 compressed oops)
# Failed to write core dump. Minidumps are not enabled by default on client versions of Windows
#

---------------  T H R E A D  ---------------

Current thread (0x0000000015075000):  JavaThread "C2 CompilerThread0" daemon [_thread_in_native, id=12884, stack(0x0000000016a00000,0x0000000016b00000)]

Stack: [0x0000000016a00000,0x0000000016b00000]
[error occurred during error reporting (printing stack bounds), id 0xc0000005]

Native frames: (J=compiled Java code, j=interpreted, Vv=VM code, C=native code)


Current CompileTask:
C2:  37357 3895       4       org.gradle.model.internal.type.ModelType::wrap (219 bytes)


---------------  P R O C E S S  ---------------

Java Threads: ( => current thread )
  0x0000000017211800 JavaThread "Memory manager" [_thread_blocked, id=32968, stack(0x000000001f5a0000,0x000000001f6a0000)]
  0x0000000017214800 JavaThread "pool-1-thread-1" [_thread_blocked, id=25032, stack(0x000000001f2a0000,0x000000001f3a0000)]
  0x0000000017214000 JavaThread "build operations Thread 4" [_thread_blocked, id=13424, stack(0x000000001eea0000,0x000000001efa0000)]
  0x00000000172dd800 JavaThread "build operations Thread 3" [_thread_blocked, id=6572, stack(0x000000001eda0000,0x000000001eea0000)]
  0x00000000172dc800 JavaThread "build operations Thread 2" [_thread_blocked, id=32528, stack(0x000000001eca0000,0x000000001eda0000)]
  0x00000000172dc000 JavaThread "build operations" [_thread_blocked, id=29484, stack(0x000000001eba0000,0x000000001eca0000)]
  0x00000000172df000 JavaThread "Cache worker for Artifact transforms cache (C:\Users\ZHONGZHENHUA\.gradle\caches\transforms-1)" [_thread_blocked, id=26032, stack(0x000000001e480000,0x000000001e580000)]
  0x00000000172de000 JavaThread "File lock release action executor" [_thread_blocked, id=2080, stack(0x000000001df80000,0x000000001e080000)]
  0x00000000172e0800 JavaThread "Cache worker for file hash cache (C:\Users\ZHONGZHENHUA\FirstApp\android\.gradle\4.4\fileHashes)" [_thread_blocked, id=29420, stack(0x000000001ceb0000,0x000000001cfb0000)]
  0x00000000172df800 JavaThread "File lock request listener" [_thread_in_native, id=22752, stack(0x000000001cdb0000,0x000000001ceb0000)]
  0x00000000172da800 JavaThread "Cache worker for file hash cache (C:\Users\ZHONGZHENHUA\.gradle\caches\4.4\fileHashes)" [_thread_blocked, id=2912, stack(0x000000001ccb0000,0x000000001cdb0000)]
  0x0000000017d37000 JavaThread "Stdin handler" [_thread_blocked, id=37764, stack(0x00000000193b0000,0x00000000194b0000)]
  0x0000000017d35800 JavaThread "Asynchronous log dispatcher for DefaultDaemonConnection: socket connection from /127.0.0.1:63148 to /127.0.0.1:63154" [_thread_in_Java, id=39420, stack(0x00000000192b0000,0x00000000193b0000)]
  0x0000000017192000 JavaThread "Daemon worker" [_thread_in_vm, id=22104, stack(0x00000000191b0000,0x00000000192b0000)]
  0x0000000017191000 JavaThread "Cancel handler" [_thread_blocked, id=12528, stack(0x00000000190b0000,0x00000000191b0000)]
  0x00000000171c0000 JavaThread "Handler for socket connection from /127.0.0.1:63148 to /127.0.0.1:63154" [_thread_in_native, id=40156, stack(0x0000000018db0000,0x0000000018eb0000)]
  0x000000001652a000 JavaThread "Daemon" [_thread_blocked, id=26924, stack(0x0000000018cb0000,0x0000000018db0000)]
  0x0000000016528800 JavaThread "Daemon periodic checks" [_thread_blocked, id=37716, stack(0x0000000018bb0000,0x0000000018cb0000)]
  0x00000000150a6000 JavaThread "Incoming local TCP Connector on port 63148" [_thread_in_native, id=18672, stack(0x0000000018a00000,0x0000000018b00000)]
  0x0000000017edf000 JavaThread "Daemon health stats" [_thread_blocked, id=1968, stack(0x00000000186e0000,0x00000000187e0000)]
  0x000000001647c800 JavaThread "Service Thread" daemon [_thread_blocked, id=29452, stack(0x0000000016d00000,0x0000000016e00000)]
  0x000000001507a800 JavaThread "C1 CompilerThread2" daemon [_thread_in_native, id=32024, stack(0x0000000016c00000,0x0000000016d00000)]
  0x0000000015077000 JavaThread "C2 CompilerThread1" daemon [_thread_blocked, id=14228, stack(0x0000000016b00000,0x0000000016c00000)]
=>0x0000000015075000 JavaThread "C2 CompilerThread0" daemon [_thread_in_native, id=12884, stack(0x0000000016a00000,0x0000000016b00000)]
  0x0000000015062000 JavaThread "Attach Listener" daemon [_thread_blocked, id=17604, stack(0x0000000016900000,0x0000000016a00000)]
  0x0000000015074800 JavaThread "Signal Dispatcher" daemon [_thread_blocked, id=25748, stack(0x0000000016800000,0x0000000016900000)]
  0x000000001503a800 JavaThread "Finalizer" daemon [_thread_blocked, id=5696, stack(0x00000000162a0000,0x00000000163a0000)]
  0x0000000002972000 JavaThread "Reference Handler" daemon [_thread_blocked, id=22516, stack(0x00000000161a0000,0x00000000162a0000)]
  0x0000000002883000 JavaThread "main" [_thread_blocked, id=28552, stack(0x0000000002780000,0x0000000002880000)]

Other Threads:
  0x0000000015018000 VMThread [stack: 0x00000000160a0000,0x00000000161a0000] [id=30928]
  0x00000000164cc800 WatcherThread [stack: 0x0000000016e00000,0x0000000016f00000] [id=15564]

VM state:not at safepoint (normal execution)

VM Mutex/Monitor currently owned by a thread: None

Heap:
 PSYoungGen      total 119808K, used 58037K [0x00000000eab00000, 0x00000000f3e00000, 0x0000000100000000)
  eden space 110080K, 52% used [0x00000000eab00000,0x00000000ee3ad518,0x00000000f1680000)
  from space 9728K, 0% used [0x00000000f2b00000,0x00000000f2b00000,0x00000000f3480000)
  to   space 7168K, 0% used [0x00000000f3700000,0x00000000f3700000,0x00000000f3e00000)
 ParOldGen       total 56832K, used 21102K [0x00000000c0000000, 0x00000000c3780000, 0x00000000eab00000)
  object space 56832K, 37% used [0x00000000c0000000,0x00000000c149b848,0x00000000c3780000)
 Metaspace       used 38007K, capacity 38998K, committed 39208K, reserved 1083392K
  class space    used 5337K, capacity 5667K, committed 5672K, reserved 1048576K

Card table byte_map: [0x0000000011d40000,0x0000000011f50000] byte_map_base: 0x0000000011740000

Marking Bits: (ParMarkBitMap*) 0x00000000642dd850
 Begin Bits: [0x00000000124b0000, 0x00000000134b0000)
 End Bits:   [0x00000000134b0000, 0x00000000144b0000)

Polling page: 0x00000000003f0000

CodeCache: size=245760Kb used=12376Kb max_used=12387Kb free=233383Kb
 bounds [0x0000000002980000, 0x00000000035b0000, 0x0000000011980000]
 total_blobs=4341 nmethods=3633 adapters=620
 compilation: enabled

Compilation events (10 events):
Event: 37.191 Thread 0x0000000015077000 3974       4       com.google.common.collect.ImmutableMap::entryOf (15 bytes)
Event: 37.193 Thread 0x0000000015077000 nmethod 3974 0x0000000003579d90 code [0x0000000003579ee0, 0x0000000003579fd8]
Event: 37.247 Thread 0x0000000015077000 3999       4       com.google.common.collect.AbstractMapBasedMultimap::put (92 bytes)
Event: 37.249 Thread 0x000000001507a800 4001   !   3       com.sun.proxy.$Proxy11::annotationType (29 bytes)
Event: 37.250 Thread 0x000000001507a800 nmethod 4001 0x0000000003579610 code [0x00000000035797a0, 0x0000000003579bd8]
Event: 37.251 Thread 0x000000001507a800 4004       3       com.google.common.collect.Iterators::forArray (9 bytes)
Event: 37.251 Thread 0x000000001507a800 nmethod 4004 0x0000000003579250 code [0x00000000035793c0, 0x0000000003579548]
Event: 37.251 Thread 0x000000001507a800 4005       3       com.google.common.collect.RegularImmutableSet::iterator (5 bytes)
Event: 37.252 Thread 0x000000001507a800 nmethod 4005 0x0000000003578cd0 code [0x0000000003578e40, 0x0000000003579128]
Event: 37.252 Thread 0x000000001507a800 4006   !   3       java.text.DecimalFormatSymbols::initialize (317 bytes)

GC Heap History (10 events):
Event: 12.638 GC heap before
{Heap before GC invocations=5 (full 0):
 PSYoungGen      total 71680K, used 25152K [0x00000000eab00000, 0x00000000ef600000, 0x0000000100000000)
  eden space 66560K, 30% used [0x00000000eab00000,0x00000000ebe92198,0x00000000eec00000)
  from space 5120K, 99% used [0x00000000ef100000,0x00000000ef5fe030,0x00000000ef600000)
  to   space 5120K, 0% used [0x00000000eec00000,0x00000000eec00000,0x00000000ef100000)
 ParOldGen       total 87552K, used 6032K [0x00000000c0000000, 0x00000000c5580000, 0x00000000eab00000)
  object space 87552K, 6% used [0x00000000c0000000,0x00000000c05e4068,0x00000000c5580000)
 Metaspace       used 20731K, capacity 21126K, committed 21296K, reserved 1067008K
  class space    used 2958K, capacity 3106K, committed 3200K, reserved 1048576K
Event: 12.650 GC heap after
Heap after GC invocations=5 (full 0):
 PSYoungGen      total 71680K, used 5112K [0x00000000eab00000, 0x00000000f4100000, 0x0000000100000000)
  eden space 66560K, 0% used [0x00000000eab00000,0x00000000eab00000,0x00000000eec00000)
  from space 5120K, 99% used [0x00000000eec00000,0x00000000ef0fe060,0x00000000ef100000)
  to   space 10240K, 0% used [0x00000000f3700000,0x00000000f3700000,0x00000000f4100000)
 ParOldGen       total 87552K, used 9017K [0x00000000c0000000, 0x00000000c5580000, 0x00000000eab00000)
  object space 87552K, 10% used [0x00000000c0000000,0x00000000c08ce500,0x00000000c5580000)
 Metaspace       used 20731K, capacity 21126K, committed 21296K, reserved 1067008K
  class space    used 2958K, capacity 3106K, committed 3200K, reserved 1048576K
}
Event: 12.650 GC heap before
{Heap before GC invocations=6 (full 1):
 PSYoungGen      total 71680K, used 5112K [0x00000000eab00000, 0x00000000f4100000, 0x0000000100000000)
  eden space 66560K, 0% used [0x00000000eab00000,0x00000000eab00000,0x00000000eec00000)
  from space 5120K, 99% used [0x00000000eec00000,0x00000000ef0fe060,0x00000000ef100000)
  to   space 10240K, 0% used [0x00000000f3700000,0x00000000f3700000,0x00000000f4100000)
 ParOldGen       total 87552K, used 9017K [0x00000000c0000000, 0x00000000c5580000, 0x00000000eab00000)
  object space 87552K, 10% used [0x00000000c0000000,0x00000000c08ce500,0x00000000c5580000)
 Metaspace       used 20731K, capacity 21126K, committed 21296K, reserved 1067008K
  class space    used 2958K, capacity 3106K, committed 3200K, reserved 1048576K
Event: 12.739 GC heap after
Heap after GC invocations=6 (full 1):
 PSYoungGen      total 71680K, used 0K [0x00000000eab00000, 0x00000000f4100000, 0x0000000100000000)
  eden space 66560K, 0% used [0x00000000eab00000,0x00000000eab00000,0x00000000eec00000)
  from space 5120K, 0% used [0x00000000eec00000,0x00000000eec00000,0x00000000ef100000)
  to   space 10240K, 0% used [0x00000000f3700000,0x00000000f3700000,0x00000000f4100000)
 ParOldGen       total 56832K, used 8621K [0x00000000c0000000, 0x00000000c3780000, 0x00000000eab00000)
  object space 56832K, 15% used [0x00000000c0000000,0x00000000c086b498,0x00000000c3780000)
 Metaspace       used 20731K, capacity 21126K, committed 21296K, reserved 1067008K
  class space    used 2958K, capacity 3106K, committed 3200K, reserved 1048576K
}
Event: 17.246 GC heap before
{Heap before GC invocations=7 (full 1):
 PSYoungGen      total 71680K, used 66560K [0x00000000eab00000, 0x00000000f4100000, 0x0000000100000000)
  eden space 66560K, 100% used [0x00000000eab00000,0x00000000eec00000,0x00000000eec00000)
  from space 5120K, 0% used [0x00000000eec00000,0x00000000eec00000,0x00000000ef100000)
  to   space 10240K, 0% used [0x00000000f3700000,0x00000000f3700000,0x00000000f4100000)
 ParOldGen       total 56832K, used 8621K [0x00000000c0000000, 0x00000000c3780000, 0x00000000eab00000)
  object space 56832K, 15% used [0x00000000c0000000,0x00000000c086b498,0x00000000c3780000)
 Metaspace       used 26228K, capacity 26802K, committed 27008K, reserved 1073152K
  class space    used 3741K, capacity 3900K, committed 3968K, reserved 1048576K
Event: 17.265 GC heap after
Heap after GC invocations=7 (full 1):
 PSYoungGen      total 117248K, used 6661K [0x00000000eab00000, 0x00000000f3e00000, 0x0000000100000000)
  eden space 110080K, 0% used [0x00000000eab00000,0x00000000eab00000,0x00000000f1680000)
  from space 7168K, 92% used [0x00000000f3700000,0x00000000f3d81428,0x00000000f3e00000)
  to   space 9728K, 0% used [0x00000000f2b00000,0x00000000f2b00000,0x00000000f3480000)
 ParOldGen       total 56832K, used 8629K [0x00000000c0000000, 0x00000000c3780000, 0x00000000eab00000)
  object space 56832K, 15% used [0x00000000c0000000,0x00000000c086d498,0x00000000c3780000)
 Metaspace       used 26228K, capacity 26802K, committed 27008K, reserved 1073152K
  class space    used 3741K, capacity 3900K, committed 3968K, reserved 1048576K
}
Event: 33.372 GC heap before
{Heap before GC invocations=8 (full 1):
 PSYoungGen      total 117248K, used 116541K [0x00000000eab00000, 0x00000000f3e00000, 0x0000000100000000)
  eden space 110080K, 99% used [0x00000000eab00000,0x00000000f164e310,0x00000000f1680000)
  from space 7168K, 92% used [0x00000000f3700000,0x00000000f3d81428,0x00000000f3e00000)
  to   space 9728K, 0% used [0x00000000f2b00000,0x00000000f2b00000,0x00000000f3480000)
 ParOldGen       total 56832K, used 8629K [0x00000000c0000000, 0x00000000c3780000, 0x00000000eab00000)
  object space 56832K, 15% used [0x00000000c0000000,0x00000000c086d498,0x00000000c3780000)
 Metaspace       used 34539K, capacity 35408K, committed 35496K, reserved 1079296K
  class space    used 4936K, capacity 5258K, committed 5288K, reserved 1048576K
Event: 33.443 GC heap after
Heap after GC invocations=8 (full 1):
 PSYoungGen      total 119808K, used 9721K [0x00000000eab00000, 0x00000000f3e00000, 0x0000000100000000)
  eden space 110080K, 0% used [0x00000000eab00000,0x00000000eab00000,0x00000000f1680000)
  from space 9728K, 99% used [0x00000000f2b00000,0x00000000f347e570,0x00000000f3480000)
  to   space 7168K, 0% used [0x00000000f3700000,0x00000000f3700000,0x00000000f3e00000)
 ParOldGen       total 56832K, used 13544K [0x00000000c0000000, 0x00000000c3780000, 0x00000000eab00000)
  object space 56832K, 23% used [0x00000000c0000000,0x00000000c0d3a328,0x00000000c3780000)
 Metaspace       used 34539K, capacity 35408K, committed 35496K, reserved 1079296K
  class space    used 4936K, capacity 5258K, committed 5288K, reserved 1048576K
}
Event: 33.443 GC heap before
{Heap before GC invocations=9 (full 2):
 PSYoungGen      total 119808K, used 9721K [0x00000000eab00000, 0x00000000f3e00000, 0x0000000100000000)
  eden space 110080K, 0% used [0x00000000eab00000,0x00000000eab00000,0x00000000f1680000)
  from space 9728K, 99% used [0x00000000f2b00000,0x00000000f347e570,0x00000000f3480000)
  to   space 7168K, 0% used [0x00000000f3700000,0x00000000f3700000,0x00000000f3e00000)
 ParOldGen       total 56832K, used 13544K [0x00000000c0000000, 0x00000000c3780000, 0x00000000eab00000)
  object space 56832K, 23% used [0x00000000c0000000,0x00000000c0d3a328,0x00000000c3780000)
 Metaspace       used 34539K, capacity 35408K, committed 35496K, reserved 1079296K
  class space    used 4936K, capacity 5258K, committed 5288K, reserved 1048576K
Event: 34.141 GC heap after
Heap after GC invocations=9 (full 2):
 PSYoungGen      total 119808K, used 0K [0x00000000eab00000, 0x00000000f3e00000, 0x0000000100000000)
  eden space 110080K, 0% used [0x00000000eab00000,0x00000000eab00000,0x00000000f1680000)
  from space 9728K, 0% used [0x00000000f2b00000,0x00000000f2b00000,0x00000000f3480000)
  to   space 7168K, 0% used [0x00000000f3700000,0x00000000f3700000,0x00000000f3e00000)
 ParOldGen       total 56832K, used 21102K [0x00000000c0000000, 0x00000000c3780000, 0x00000000eab00000)
  object space 56832K, 37% used [0x00000000c0000000,0x00000000c149b848,0x00000000c3780000)
 Metaspace       used 34539K, capacity 35408K, committed 35496K, reserved 1079296K
  class space    used 4936K, capacity 5258K, committed 5288K, reserved 1048576K
}

Deoptimization events (10 events):
Event: 32.887 Thread 0x0000000017192000 Uncommon trap: reason=bimorphic action=maybe_recompile pc=0x00000000031d2a5c method=java.util.Arrays.binarySearch0([Ljava/lang/Object;IILjava/lang/Object;Ljava/util/Comparator;)I @ 48
Event: 32.887 Thread 0x0000000017192000 Uncommon trap: reason=bimorphic action=maybe_recompile pc=0x00000000031d2a5c method=java.util.Arrays.binarySearch0([Ljava/lang/Object;IILjava/lang/Object;Ljava/util/Comparator;)I @ 48
Event: 32.887 Thread 0x0000000017192000 Uncommon trap: reason=bimorphic action=maybe_recompile pc=0x00000000031d2a5c method=java.util.Arrays.binarySearch0([Ljava/lang/Object;IILjava/lang/Object;Ljava/util/Comparator;)I @ 48
Event: 32.888 Thread 0x0000000017192000 Uncommon trap: reason=bimorphic action=maybe_recompile pc=0x00000000031d2a5c method=java.util.Arrays.binarySearch0([Ljava/lang/Object;IILjava/lang/Object;Ljava/util/Comparator;)I @ 48
Event: 35.699 Thread 0x0000000017192000 Uncommon trap: reason=unstable_if action=reinterpret pc=0x0000000002f64708 method=java.util.concurrent.ConcurrentHashMap.get(Ljava/lang/Object;)Ljava/lang/Object; @ 152
Event: 36.458 Thread 0x0000000017192000 Uncommon trap: reason=unstable_if action=reinterpret pc=0x00000000032ec134 method=java.util.HashMap.putVal(ILjava/lang/Object;Ljava/lang/Object;ZZ)Ljava/lang/Object; @ 162
Event: 36.458 Thread 0x0000000017192000 Uncommon trap: reason=unstable_if action=reinterpret pc=0x00000000032e7b9c method=java.util.HashMap.putVal(ILjava/lang/Object;Ljava/lang/Object;ZZ)Ljava/lang/Object; @ 162
Event: 36.458 Thread 0x0000000017192000 Uncommon trap: reason=unstable_if action=reinterpret pc=0x0000000002c444d8 method=java.util.HashMap.resize()[Ljava/util/HashMap$Node; @ 206
Event: 36.904 Thread 0x0000000017192000 Uncommon trap: reason=unstable_if action=reinterpret pc=0x00000000034f5118 method=java.lang.reflect.Modifier.toString(I)Ljava/lang/String; @ 123
Event: 36.904 Thread 0x0000000017192000 Uncommon trap: reason=unstable_if action=reinterpret pc=0x00000000034efa2c method=java.lang.reflect.Modifier.toString(I)Ljava/lang/String; @ 123

Internal exceptions (10 events):
Event: 31.262 Thread 0x0000000017192000 Exception <a 'java/lang/ClassNotFoundException': org/gradle/api/internal/AbstractTaskBeanInfo> (0x00000000f05c91b8) thrown at [C:\re\workspace\8-2-build-windows-amd64-cygwin\jdk8u144\9417\hotspot\src\share\vm\classfile\systemDictionary.cpp, line 210]
Event: 31.263 Thread 0x0000000017192000 Exception <a 'java/lang/ClassNotFoundException': org/gradle/api/internal/AbstractTaskCustomizer> (0x00000000f05f2f20) thrown at [C:\re\workspace\8-2-build-windows-amd64-cygwin\jdk8u144\9417\hotspot\src\share\vm\classfile\systemDictionary.cpp, line 210]
Event: 31.269 Thread 0x0000000017192000 Exception <a 'java/lang/ClassNotFoundException': org/gradle/api/DefaultTaskCustomizer> (0x00000000f067ac98) thrown at [C:\re\workspace\8-2-build-windows-amd64-cygwin\jdk8u144\9417\hotspot\src\share\vm\classfile\systemDictionary.cpp, line 210]
Event: 31.273 Thread 0x0000000017192000 Exception <a 'java/lang/ClassNotFoundException': org/gradle/api/tasks/wrapper/WrapperCustomizer> (0x00000000f06c0528) thrown at [C:\re\workspace\8-2-build-windows-amd64-cygwin\jdk8u144\9417\hotspot\src\share\vm\classfile\systemDictionary.cpp, line 210]
Event: 31.281 Thread 0x0000000017192000 Exception <a 'java/lang/ClassNotFoundException': org/gradle/api/tasks/wrapper/Wrapper_DecoratedCustomizer> (0x00000000f0731a80) thrown at [C:\re\workspace\8-2-build-windows-amd64-cygwin\jdk8u144\9417\hotspot\src\share\vm\classfile\systemDictionary.cpp, li
Event: 31.296 Thread 0x0000000017192000 Exception <a 'java/lang/ClassNotFoundException': java/lang/StringBeanInfo> (0x00000000f07ba720) thrown at [C:\re\workspace\8-2-build-windows-amd64-cygwin\jdk8u144\9417\hotspot\src\share\vm\classfile\systemDictionary.cpp, line 210]
Event: 31.296 Thread 0x0000000017192000 Exception <a 'java/lang/ClassNotFoundException': java/lang/StringCustomizer> (0x00000000f07c2688) thrown at [C:\re\workspace\8-2-build-windows-amd64-cygwin\jdk8u144\9417\hotspot\src\share\vm\classfile\systemDictionary.cpp, line 210]
Event: 31.714 Thread 0x0000000017192000 Exception <a 'java/lang/ClassNotFoundException': build_7m7xi03v0mv14qhjs9orv0gfwBeanInfo> (0x00000000f0881e80) thrown at [C:\re\workspace\8-2-build-windows-amd64-cygwin\jdk8u144\9417\hotspot\src\share\vm\classfile\systemDictionary.cpp, line 210]
Event: 31.714 Thread 0x0000000017192000 Exception <a 'java/lang/ClassNotFoundException': build_7m7xi03v0mv14qhjs9orv0gfwCustomizer> (0x00000000f088c3e8) thrown at [C:\re\workspace\8-2-build-windows-amd64-cygwin\jdk8u144\9417\hotspot\src\share\vm\classfile\systemDictionary.cpp, line 210]
Event: 34.269 Thread 0x0000000017192000 Exception <a 'sun/nio/fs/WindowsException'> (0x00000000ead2e310) thrown at [C:\re\workspace\8-2-build-windows-amd64-cygwin\jdk8u144\9417\hotspot\src\share\vm\prims\jni.cpp, line 709]

Events (10 events):
Event: 37.012 loading class org/apache/tools/ant/types/Reference
Event: 37.012 loading class org/apache/tools/ant/types/Reference done
Event: 37.013 loading class org/apache/tools/ant/Location
Event: 37.013 loading class org/apache/tools/ant/Location done
Event: 37.071 loading class org/apache/tools/ant/input/InputRequest
Event: 37.071 loading class org/apache/tools/ant/input/InputRequest done
Event: 37.092 loading class org/apache/tools/ant/taskdefs/condition/Condition
Event: 37.092 loading class org/apache/tools/ant/taskdefs/condition/Condition done
Event: 37.126 loading class org/gradle/api/artifacts/type/ArtifactTypeDefinition
Event: 37.126 loading class org/gradle/api/artifacts/type/ArtifactTypeDefinition done


Dynamic libraries:
0x00007ff7ddf30000 - 0x00007ff7ddf67000 	C:\Program Files\Java\jdk1.8.0_144\bin\java.exe
0x00007ffdab550000 - 0x00007ffdab731000 	C:\WINDOWS\SYSTEM32\ntdll.dll
0x00007ffda8be0000 - 0x00007ffda8c92000 	C:\WINDOWS\System32\KERNEL32.DLL
0x00007ffda7b20000 - 0x00007ffda7d93000 	C:\WINDOWS\System32\KERNELBASE.dll
0x00007ffda8b20000 - 0x00007ffda8bc1000 	C:\WINDOWS\System32\ADVAPI32.dll
0x00007ffda8ca0000 - 0x00007ffda8d3e000 	C:\WINDOWS\System32\msvcrt.dll
0x00007ffdaa350000 - 0x00007ffdaa3ab000 	C:\WINDOWS\System32\sechost.dll
0x00007ffda89e0000 - 0x00007ffda8b04000 	C:\WINDOWS\System32\RPCRT4.dll
0x00007ffdaa650000 - 0x00007ffdaa7e0000 	C:\WINDOWS\System32\USER32.dll
0x00007ffda7920000 - 0x00007ffda7940000 	C:\WINDOWS\System32\win32u.dll
0x00007ffdaa620000 - 0x00007ffdaa648000 	C:\WINDOWS\System32\GDI32.dll
0x00007ffda7da0000 - 0x00007ffda7f32000 	C:\WINDOWS\System32\gdi32full.dll
0x00007ffda7f40000 - 0x00007ffda7fdf000 	C:\WINDOWS\System32\msvcp_win.dll
0x00007ffda88e0000 - 0x00007ffda89da000 	C:\WINDOWS\System32\ucrtbase.dll
0x00007ffd9a420000 - 0x00007ffd9a689000 	C:\WINDOWS\WinSxS\amd64_microsoft.windows.common-controls_6595b64144ccf1df_6.0.17134.407_none_fb449d63306391e9\COMCTL32.dll
0x00007ffdaafa0000 - 0x00007ffdab2c2000 	C:\WINDOWS\System32\combase.dll
0x00007ffda79f0000 - 0x00007ffda7a6a000 	C:\WINDOWS\System32\bcryptPrimitives.dll
0x00007ffda8d50000 - 0x00007ffda8d7d000 	C:\WINDOWS\System32\IMM32.DLL
0x0000000064360000 - 0x0000000064432000 	C:\Program Files\Java\jdk1.8.0_144\jre\bin\msvcr100.dll
0x0000000063ac0000 - 0x000000006435d000 	C:\Program Files\Java\jdk1.8.0_144\jre\bin\server\jvm.dll
0x00007ffda8d40000 - 0x00007ffda8d48000 	C:\WINDOWS\System32\PSAPI.DLL
0x00007ffda5400000 - 0x00007ffda5423000 	C:\WINDOWS\SYSTEM32\WINMM.dll
0x00007ffd9e4a0000 - 0x00007ffd9e4aa000 	C:\WINDOWS\SYSTEM32\VERSION.dll
0x00007ffda52e0000 - 0x00007ffda530a000 	C:\WINDOWS\SYSTEM32\WINMMBASE.dll
0x00007ffda79a0000 - 0x00007ffda79e9000 	C:\WINDOWS\System32\cfgmgr32.dll
0x00007ffd943a0000 - 0x00007ffd943a9000 	C:\WINDOWS\SYSTEM32\WSOCK32.dll
0x00007ffda8de0000 - 0x00007ffda8e4c000 	C:\WINDOWS\System32\WS2_32.dll
0x0000000063ab0000 - 0x0000000063abf000 	C:\Program Files\Java\jdk1.8.0_144\jre\bin\verify.dll
0x0000000063a80000 - 0x0000000063aa9000 	C:\Program Files\Java\jdk1.8.0_144\jre\bin\java.dll
0x0000000063a60000 - 0x0000000063a76000 	C:\Program Files\Java\jdk1.8.0_144\jre\bin\zip.dll
0x00007ffda8eb0000 - 0x00007ffdaa2ef000 	C:\WINDOWS\System32\SHELL32.dll
0x00007ffdab470000 - 0x00007ffdab519000 	C:\WINDOWS\System32\shcore.dll
0x00007ffda7fe0000 - 0x00007ffda86ed000 	C:\WINDOWS\System32\windows.storage.dll
0x00007ffda8d80000 - 0x00007ffda8dd1000 	C:\WINDOWS\System32\shlwapi.dll
0x00007ffda78e0000 - 0x00007ffda78f1000 	C:\WINDOWS\System32\kernel.appcore.dll
0x00007ffda7860000 - 0x00007ffda787f000 	C:\WINDOWS\System32\profapi.dll
0x00007ffda7880000 - 0x00007ffda78cc000 	C:\WINDOWS\System32\powrprof.dll
0x00007ffda78d0000 - 0x00007ffda78da000 	C:\WINDOWS\System32\FLTLIB.DLL
0x0000000063a40000 - 0x0000000063a5a000 	C:\Program Files\Java\jdk1.8.0_144\jre\bin\net.dll
0x00007ffda6d20000 - 0x00007ffda6d86000 	C:\WINDOWS\system32\mswsock.dll
0x0000000063a20000 - 0x0000000063a31000 	C:\Program Files\Java\jdk1.8.0_144\jre\bin\nio.dll
0x00007ffd98220000 - 0x00007ffd9823e000 	C:\Users\ZHONGZHENHUA\.gradle\native\25\windows-amd64\native-platform.dll
0x0000000063a10000 - 0x0000000063a1d000 	C:\Program Files\Java\jdk1.8.0_144\jre\bin\management.dll
0x00007ffda7580000 - 0x00007ffda7597000 	C:\WINDOWS\SYSTEM32\CRYPTSP.dll
0x00007ffda6900000 - 0x00007ffda6933000 	C:\WINDOWS\system32\rsaenh.dll
0x00007ffda7380000 - 0x00007ffda73a5000 	C:\WINDOWS\SYSTEM32\bcrypt.dll
0x00007ffda7790000 - 0x00007ffda77b8000 	C:\WINDOWS\SYSTEM32\USERENV.dll
0x00007ffda6ed0000 - 0x00007ffda6edb000 	C:\WINDOWS\SYSTEM32\CRYPTBASE.dll
0x00007ffda6aa0000 - 0x00007ffda6ad8000 	C:\WINDOWS\SYSTEM32\IPHLPAPI.DLL
0x00007ffda8b10000 - 0x00007ffda8b18000 	C:\WINDOWS\System32\NSI.dll
0x00007ffd9fa90000 - 0x00007ffd9faa6000 	C:\WINDOWS\SYSTEM32\dhcpcsvc6.DLL
0x00007ffd9fa70000 - 0x00007ffd9fa8a000 	C:\WINDOWS\SYSTEM32\dhcpcsvc.DLL

VM Arguments:
jvm_args: -XX:+HeapDumpOnOutOfMemoryError -Xmx1024m -Dfile.encoding=GBK -Duser.country=CN -Duser.language=zh -Duser.variant 
java_command: org.gradle.launcher.daemon.bootstrap.GradleDaemon 4.4
java_class_path (initial): C:\Users\ZHONGZHENHUA\.gradle\wrapper\dists\gradle-4.4-all\9br9xq1tocpiv8o6njlyu5op1\gradle-4.4\lib\gradle-launcher-4.4.jar
Launcher Type: SUN_STANDARD

Environment Variables:
JAVA_HOME=C:\Program Files\Java\jdk1.8.0_144
CLASSPATH=.;C:\Program Files\Java\jdk1.8.0_144\lib;C:\Program Files\Java\jdk1.8.0_144\lib\tools.jar;C:\Users\ZHONGZHENHUA\Desktop\quartz-1.8.6\quartz-1.8.6.jar
USERNAME=ZHONGZHENHUA
OS=Windows_NT
PROCESSOR_IDENTIFIER=Intel64 Family 6 Model 58 Stepping 9, GenuineIntel



---------------  S Y S T E M  ---------------

OS: Windows 10.0 , 64 bit Build 17134 (10.0.17134.1)

CPU:total 4 (initial active 4) (2 cores per cpu, 2 threads per core) family 6 model 58 stepping 9, cmov, cx8, fxsr, mmx, sse, sse2, sse3, ssse3, sse4.1, sse4.2, popcnt, avx, aes, clmul, erms, ht, tsc, tscinvbit, tscinv

Memory: 4k page, physical 8271504k(428872k free), swap 22744172k(5256k free)

vm_info: Java HotSpot(TM) 64-Bit Server VM (25.144-b01) for windows-amd64 JRE (1.8.0_144-b01), built on Jul 21 2017 21:57:33 by "java_re" with MS VC++ 10.0 (VS2010)

time: Mon Dec 10 08:08:59 2018
elapsed time: 37 seconds (0d 0h 0m 37s)

